[debug] [2024-03-31T02:56:27.247Z] ----------------------------------------------------------------------
[debug] [2024-03-31T02:56:27.249Z] Command:       /usr/local/nvm/versions/node/v20.11.1/bin/node /usr/local/nvm/versions/node/v20.11.1/bin/firebase init
[debug] [2024-03-31T02:56:27.250Z] CLI Version:   13.6.0
[debug] [2024-03-31T02:56:27.250Z] Platform:      linux
[debug] [2024-03-31T02:56:27.250Z] Node Version:  v20.11.1
[debug] [2024-03-31T02:56:27.251Z] Time:          Sun Mar 31 2024 02:56:27 GMT+0000 (Coordinated Universal Time)
[debug] [2024-03-31T02:56:27.251Z] ----------------------------------------------------------------------
[debug] 
[debug] [2024-03-31T02:56:27.425Z] Object "" in "firebase.json" has unknown property: {"additionalProperty":"type"}
[debug] [2024-03-31T02:56:27.429Z] > command requires scopes: ["email","openid","https://www.googleapis.com/auth/cloudplatformprojects.readonly","https://www.googleapis.com/auth/firebase","https://www.googleapis.com/auth/cloud-platform"]
[debug] [2024-03-31T02:56:27.477Z] Error getting account credentials.
[debug] [2024-03-31T02:56:27.479Z] Object "" in "firebase.json" has unknown property: {"additionalProperty":"type"}
[info] 
     ######## #### ########  ######## ########     ###     ######  ########
     ##        ##  ##     ## ##       ##     ##  ##   ##  ##       ##
     ######    ##  ########  ######   ########  #########  ######  ######
     ##        ##  ##    ##  ##       ##     ## ##     ##       ## ##
     ##       #### ##     ## ######## ########  ##     ##  ######  ########

You're about to initialize a Firebase project in this directory:

  /home/www_kheedrasachi/web-chat-pingo

Before we get started, keep in mind:

  * You are initializing within an existing Firebase project directory

[info] 
=== Project Setup
[info] 
[info] First, let's associate this project directory with a Firebase project.
[info] You can create multiple project aliases by running firebase use --add, 
[info] but for now we'll just set up a default project.
[info] 
[debug] [2024-03-31T02:57:46.990Z] Using project from CLI flag: zozaria-1698840594184
[debug] [2024-03-31T02:57:46.993Z] >>> [apiv2][query] GET https://firebase.googleapis.com/v1beta1/projects/zozaria-1698840594184 [none]
[debug] [2024-03-31T02:57:47.233Z] <<< [apiv2][status] GET https://firebase.googleapis.com/v1beta1/projects/zozaria-1698840594184 200
[debug] [2024-03-31T02:57:47.234Z] <<< [apiv2][body] GET https://firebase.googleapis.com/v1beta1/projects/zozaria-1698840594184 {"projectId":"zozaria-1698840594184","projectNumber":"961443290334","displayName":"Zozaria","name":"projects/zozaria-1698840594184","resources":{"hostingSite":"zozaria-1698840594184"},"state":"ACTIVE","etag":"1_36554fb2-14b2-49df-8082-202e21aa7f4b"}
[info] i  Using project zozaria-1698840594184 (Zozaria) 
[info] 
=== Hosting Setup
[debug] [2024-03-31T02:57:47.319Z] >>> [apiv2][query] GET https://firebase.googleapis.com/v1beta1/projects/zozaria-1698840594184 [none]
[debug] [2024-03-31T02:57:47.479Z] <<< [apiv2][status] GET https://firebase.googleapis.com/v1beta1/projects/zozaria-1698840594184 200
[debug] [2024-03-31T02:57:47.479Z] <<< [apiv2][body] GET https://firebase.googleapis.com/v1beta1/projects/zozaria-1698840594184 {"projectId":"zozaria-1698840594184","projectNumber":"961443290334","displayName":"Zozaria","name":"projects/zozaria-1698840594184","resources":{"hostingSite":"zozaria-1698840594184"},"state":"ACTIVE","etag":"1_36554fb2-14b2-49df-8082-202e21aa7f4b"}
[info] 
[info] Your public directory is the folder (relative to your project directory) that
[info] will contain Hosting assets to be uploaded with firebase deploy. If you
[info] have a build process for your assets, use your build's output directory.
[info] 
[debug] [2024-03-31T02:58:05.544Z] >>> [apiv2][query] GET https://www.gstatic.com/firebasejs/releases.json [none]
[debug] [2024-03-31T02:58:05.560Z] <<< [apiv2][status] GET https://www.gstatic.com/firebasejs/releases.json 200
[debug] [2024-03-31T02:58:05.561Z] <<< [apiv2][body] GET https://www.gstatic.com/firebasejs/releases.json {"current":{"version":"10.10.0","browserURL":"https://www.gstatic.com/firebasejs/10.10.0/firebase.js","packageURL":"https://www.gstatic.com/firebasejs/10.10.0/firebase.tgz"},"live":{"version":"10.10","browserURL":"https://www.gstatic.com/firebasejs/live/10.10/firebase.js","packageURL":"https://www.gstatic.com/firebasejs/live/10.10/firebase.tgz"},"components":{"analytics":"https://www.gstatic.com/firebasejs/10.10.0/firebase-analytics.js","app":"https://www.gstatic.com/firebasejs/10.10.0/firebase-app.js","app-check":"https://www.gstatic.com/firebasejs/10.10.0/firebase-app-check.js","auth":"https://www.gstatic.com/firebasejs/10.10.0/firebase-auth.js","auth/cordova":"https://www.gstatic.com/firebasejs/10.10.0/firebase-auth/cordova.js","auth/web-extension":"https://www.gstatic.com/firebasejs/10.10.0/firebase-auth/web-extension.js","functions":"https://www.gstatic.com/firebasejs/10.10.0/firebase-functions.js","firestore":"https://www.gstatic.com/firebasejs/10.10.0/firebase-firestore.js","firestore/lite":"https://www.gstatic.com/firebasejs/10.10.0/firebase-firestore/lite.js","installations":"https://www.gstatic.com/firebasejs/10.10.0/firebase-installations.js","storage":"https://www.gstatic.com/firebasejs/10.10.0/firebase-storage.js","performance":"https://www.gstatic.com/firebasejs/10.10.0/firebase-performance.js","remote-config":"https://www.gstatic.com/firebasejs/10.10.0/firebase-remote-config.js","messaging":"https://www.gstatic.com/firebasejs/10.10.0/firebase-messaging.js","messaging/sw":"https://www.gstatic.com/firebasejs/10.10.0/firebase-messaging/sw.js","database":"https://www.gstatic.com/firebasejs/10.10.0/firebase-database.js","firestore.memory":"https://www.gstatic.com/firebasejs/10.10.0/firebase-firestore.memory.js"}}
[info] ✔  Wrote public/index.html 
[info] 
[info] i  Detected a .git folder at /home/www_kheedrasachi/web-chat-pingo 
[info] i  Authorizing with GitHub to upload your service account to a GitHub repository's secrets store. 
[info] 
[info] Visit this URL on this device to log in:
[info] https://github.com/login/oauth/authorize?client_id=89cf50f02ac6aaed3484&state=182956168&redirect_uri=http%3A%2F%2Flocalhost%3A9006&scope=read%3Auser%20repo%20public_repo
[info] 
[info] Waiting for authentication...
